<?xml version="1.0" encoding="UTF-8"?>
<!-- Generated by org.testng.reporters.JUnitXMLReporter -->
<testsuite ignored="9" hostname="Lishanth" failures="0" tests="11" name="Test3" time="352.362" errors="0" timestamp="2024-08-18T08:50:36 GST">
  <testcase classname="ecommercetest.TC_013AddtionalTask2" name="tc_013_B_AddItemByDeptMenuWithOffer" time="56.491"/>
  <testcase classname="ecommercetest.TC_013AddtionalTask2" name="tc_013_A_ForgotpasswordFunctionality" time="16.444"/>
  <testcase classname="ecommercetest.TC_013AddtionalTask2" name="tc_013_A_ForgotpasswordFunctionality" time="18.759"/>
  <testcase classname="ecommercetest.TC_008AddItemByDept" name="tc_008AddItemByDeptMenu" time="48.006"/>
  <testcase classname="ecommercetest.TC_009AddItemByBrand" name="tc_009AddItemShopByBrandMenu" time="46.557"/>
  <testcase classname="ecommercetest.TC_012AdditionalTask1" name="tc_012_C_ValiadateBrokenLinksInSignInPage" time="39.687"/>
  <testcase classname="ecommercetest.TC_012AdditionalTask1" name="tc_012_B_validateBusinessAccount" time="19.337"/>
  <testcase classname="ecommercetest.TC_012AdditionalTask1" name="tc_012_A_SearchBoxValidation" time="16.607"/>
  <testcase classname="ecommercetest.TC_012AdditionalTask1" name="tc_012_A_SearchBoxValidation" time="15.985"/>
  <testcase classname="ecommercetest.TC_012AdditionalTask1" name="tc_012_A_SearchBoxValidation" time="15.498"/>
  <testcase classname="ecommercetest.TC_012AdditionalTask1" name="tc_012_A_SearchBoxValidation" time="18.605"/>
  <testcase classname="ecommerceprojetbase.PSMethodecommerce" name="@BeforeSuite startReport" time="0.0">
    <ignored/>
  </testcase> <!-- @BeforeSuite startReport -->
  <testcase classname="ecommercetest.TC_011CheckOutCardDetails" name="tc_010CheckOutPageFilling" time="0.0">
    <ignored/>
  </testcase> <!-- tc_010CheckOutPageFilling -->
  <testcase classname="ecommerceprojetbase.PSMethodecommerce" name="@BeforeSuite startReport" time="0.0">
    <ignored/>
  </testcase> <!-- @BeforeSuite startReport -->
  <testcase classname="ecommerceprojetbase.PSMethodecommerce" name="@AfterSuite endReport" time="0.0">
    <ignored/>
  </testcase> <!-- @AfterSuite endReport -->
  <testcase classname="ecommerceprojetbase.PSMethodecommerce" name="@AfterSuite endReport" time="0.0">
    <ignored/>
  </testcase> <!-- @AfterSuite endReport -->
  <testcase classname="ecommerceprojetbase.PSMethodecommerce" name="@BeforeSuite startReport" time="0.0">
    <ignored/>
  </testcase> <!-- @BeforeSuite startReport -->
  <testcase classname="ecommerceprojetbase.PSMethodecommerce" name="@BeforeSuite startReport" time="0.0">
    <ignored/>
  </testcase> <!-- @BeforeSuite startReport -->
  <testcase classname="ecommerceprojetbase.PSMethodecommerce" name="@AfterSuite endReport" time="0.0">
    <ignored/>
  </testcase> <!-- @AfterSuite endReport -->
  <testcase classname="ecommerceprojetbase.PSMethodecommerce" name="@AfterSuite endReport" time="0.0">
    <ignored/>
  </testcase> <!-- @AfterSuite endReport -->
</testsuite> <!-- Test3 -->
