<?xml version="1.0" encoding="UTF-8"?>
<!-- Generated by org.testng.reporters.JUnitXMLReporter -->
<testsuite ignored="6" hostname="Lishanth" failures="0" tests="19" name="Test1" time="515.957" errors="0" timestamp="2024-08-18T14:42:31 GST">
  <testcase classname="ecommercetest.TC_004CreateAccount" name="tc_004_validateCreatAccount" time="23.574"/>
  <testcase classname="ecommercetest.TC_004CreateAccount" name="tc_004_validateCreatAccount" time="24.089"/>
  <testcase classname="ecommercetest.TC_004CreateAccount" name="tc_004_validateCreatAccount" time="18.859"/>
  <testcase classname="ecommercetest.TC_004CreateAccount" name="tc_004_validateCreatAccount" time="24.02"/>
  <testcase classname="ecommercetest.TC_004CreateAccount" name="tc_004_validateCreatAccount" time="22.128"/>
  <testcase classname="ecommercetest.TC_004CreateAccount" name="tc_004_validateCreatAccount" time="25.456"/>
  <testcase classname="ecommercetest.TC_004CreateAccount" name="tc_004_validateCreatAccount" time="20.808"/>
  <testcase classname="ecommercetest.TC_004CreateAccount" name="tc_004_validateCreatAccount" time="23.21"/>
  <testcase classname="ecommercetest.TC_004CreateAccount" name="tc_004_validateCreatAccount" time="22.718"/>
  <testcase classname="ecommercetest.TC_004CreateAccount" name="tc_004_validateCreatAccount" time="20.283"/>
  <testcase classname="ecommercetest.TC_004CreateAccount" name="tc_004_validateCreatAccount" time="19.559"/>
  <testcase classname="ecommercetest.TC_004CreateAccount" name="tc_004_validateCreatAccount" time="24.933"/>
  <testcase classname="ecommercetest.TC_004CreateAccount" name="tc_004_validateCreatAccount" time="23.113"/>
  <testcase classname="ecommercetest.TC_004CreateAccount" name="tc_004_validateCreatAccount" time="24.22"/>
  <testcase classname="ecommercetest.TC_002ValidateBrokenURL" name="tc_002validatebrokenurl" time="17.771"/>
  <testcase classname="ecommercetest.TC_001NavigatetoURL" name="tc_001navigatToBestBest" time="0.591"/>
  <testcase classname="ecommercetest.TC_006ValidateBottomLinks" name="tc_006validatebottomlink" time="12.08"/>
  <testcase classname="ecommercetest.TC_006ValidateBottomLinks" name="tc_006validatebottomlink" time="29.877"/>
  <testcase classname="ecommercetest.TC_006ValidateBottomLinks" name="tc_006validatebottomlink" time="17.743"/>
  <testcase classname="ecommerceprojetbase.PSMethodecommerce" name="@BeforeSuite startReport" time="0.0">
    <ignored/>
  </testcase> <!-- @BeforeSuite startReport -->
  <testcase classname="ecommerceprojetbase.PSMethodecommerce" name="@AfterSuite endReport" time="0.0">
    <ignored/>
  </testcase> <!-- @AfterSuite endReport -->
  <testcase classname="ecommerceprojetbase.PSMethodecommerce" name="@BeforeSuite startReport" time="0.0">
    <ignored/>
  </testcase> <!-- @BeforeSuite startReport -->
  <testcase classname="ecommerceprojetbase.PSMethodecommerce" name="@BeforeSuite startReport" time="0.0">
    <ignored/>
  </testcase> <!-- @BeforeSuite startReport -->
  <testcase classname="ecommerceprojetbase.PSMethodecommerce" name="@AfterSuite endReport" time="0.0">
    <ignored/>
  </testcase> <!-- @AfterSuite endReport -->
  <testcase classname="ecommerceprojetbase.PSMethodecommerce" name="@AfterSuite endReport" time="0.0">
    <ignored/>
  </testcase> <!-- @AfterSuite endReport -->
</testsuite> <!-- Test1 -->
