<?xml version="1.0" encoding="UTF-8"?>
<!-- Generated by org.testng.reporters.JUnitXMLReporter -->
<testsuite ignored="6" hostname="Lishanth" failures="0" tests="19" name="Test1" time="587.47" errors="0" timestamp="2024-08-14T21:21:42 GST">
  <testcase classname="ecommercetest.TC_004CreateAccount" name="tc_004_A_validateCreatAccount" time="31.662"/>
  <testcase classname="ecommercetest.TC_004CreateAccount" name="tc_004_A_validateCreatAccount" time="39.009"/>
  <testcase classname="ecommercetest.TC_004CreateAccount" name="tc_004_A_validateCreatAccount" time="25.836"/>
  <testcase classname="ecommercetest.TC_004CreateAccount" name="tc_004_A_validateCreatAccount" time="31.68"/>
  <testcase classname="ecommercetest.TC_004CreateAccount" name="tc_004_A_validateCreatAccount" time="26.448"/>
  <testcase classname="ecommercetest.TC_004CreateAccount" name="tc_004_A_validateCreatAccount" time="24.361"/>
  <testcase classname="ecommercetest.TC_004CreateAccount" name="tc_004_A_validateCreatAccount" time="24.026"/>
  <testcase classname="ecommercetest.TC_004CreateAccount" name="tc_004_A_validateCreatAccount" time="25.217"/>
  <testcase classname="ecommercetest.TC_004CreateAccount" name="tc_004_A_validateCreatAccount" time="23.501"/>
  <testcase classname="ecommercetest.TC_004CreateAccount" name="tc_004_A_validateCreatAccount" time="19.787"/>
  <testcase classname="ecommercetest.TC_004CreateAccount" name="tc_004_A_validateCreatAccount" time="20.185"/>
  <testcase classname="ecommercetest.TC_004CreateAccount" name="tc_004_A_validateCreatAccount" time="21.658"/>
  <testcase classname="ecommercetest.TC_004CreateAccount" name="tc_004_A_validateCreatAccount" time="18.971"/>
  <testcase classname="ecommercetest.TC_004CreateAccount" name="tc_004_A_validateCreatAccount" time="21.178"/>
  <testcase classname="ecommercetest.TC_002ValidateBrokenURL" name="tc_002validatebrokenurl" time="21.632"/>
  <testcase classname="ecommercetest.TC_001NavigatetoURL" name="tc_001navigatToBestBest" time="0.419"/>
  <testcase classname="ecommercetest.TC_006ValidateBottomLinks" name="tc_006validatebottomlink" time="13.476"/>
  <testcase classname="ecommercetest.TC_006ValidateBottomLinks" name="tc_006validatebottomlink" time="16.695"/>
  <testcase classname="ecommercetest.TC_006ValidateBottomLinks" name="tc_006validatebottomlink" time="15.938"/>
  <testcase classname="ecommerceprojetbase.PSMethodecommerce" name="@BeforeSuite startReport" time="0.0">
    <ignored/>
  </testcase> <!-- @BeforeSuite startReport -->
  <testcase classname="ecommerceprojetbase.PSMethodecommerce" name="@AfterSuite endReport" time="0.0">
    <ignored/>
  </testcase> <!-- @AfterSuite endReport -->
  <testcase classname="ecommerceprojetbase.PSMethodecommerce" name="@AfterSuite endReport" time="0.0">
    <ignored/>
  </testcase> <!-- @AfterSuite endReport -->
  <testcase classname="ecommerceprojetbase.PSMethodecommerce" name="@AfterSuite endReport" time="0.0">
    <ignored/>
  </testcase> <!-- @AfterSuite endReport -->
  <testcase classname="ecommerceprojetbase.PSMethodecommerce" name="@BeforeSuite startReport" time="0.0">
    <ignored/>
  </testcase> <!-- @BeforeSuite startReport -->
  <testcase classname="ecommerceprojetbase.PSMethodecommerce" name="@BeforeSuite startReport" time="0.0">
    <ignored/>
  </testcase> <!-- @BeforeSuite startReport -->
</testsuite> <!-- Test1 -->
