<?xml version="1.0" encoding="UTF-8"?>
<testsuite xmlns:xsi="http://www.w3.org/2001/XMLSchema-instance" xsi:noNamespaceSchemaLocation="https://maven.apache.org/surefire/maven-surefire-plugin/xsd/surefire-test-report-3.0.xsd" version="3.0" name="TestSuite" time="750.844" tests="16" errors="0" skipped="0" failures="0">
  <properties>
[...]
</properties>
  <testcase name="tc_010CheckOutPageFilling[Best_Buy24@gmail.com, 9837426748, Request failed because of network connection](1)" classname="ecommercetest.TC_010CheckoutPage" time="86.105">
    <system-out><![CDATA[BestBuy Automation has started Successfully
]]></system-out>
    <system-err><![CDATA[SLF4J(W): No SLF4J providers were found.
SLF4J(W): Defaulting to no-operation (NOP) logger implementation
SLF4J(W): See https://www.slf4j.org/codes.html#noProviders for further details.
Aug 14, 2024 9:52:04 PM org.openqa.selenium.devtools.CdpVersionFinder findNearestMatch
WARNING: Unable to find an exact match for CDP version 127, returning the closest version; found: 125; Please update to a Selenium version that supports CDP version 127
]]></system-err>
  </testcase>
  <testcase name="tc_005validateMenu[K-12 Tech, Parent Hub - Best Buy](1)" classname="ecommercetest.TC_005ValidateMenu" time="23.598">
    <system-err><![CDATA[Aug 14, 2024 9:53:45 PM org.openqa.selenium.devtools.CdpVersionFinder findNearestMatch
WARNING: Unable to find an exact match for CDP version 127, returning the closest version; found: 125; Please update to a Selenium version that supports CDP version 127
]]></system-err>
  </testcase>
  <testcase name="tc_005validateMenu[Top Deals, Top Deals and Featured Offers on Electronics - Best Buy](2)" classname="ecommercetest.TC_005ValidateMenu" time="21.009">
    <system-err><![CDATA[Aug 14, 2024 9:54:21 PM org.openqa.selenium.devtools.CdpVersionFinder findNearestMatch
WARNING: Unable to find an exact match for CDP version 127, returning the closest version; found: 125; Please update to a Selenium version that supports CDP version 127
]]></system-err>
  </testcase>
  <testcase name="tc_005validateMenu[Deal of the Day, Deal of the Day: Electronics Deals - Best Buy](3)" classname="ecommercetest.TC_005ValidateMenu" time="25.32">
    <system-err><![CDATA[Aug 14, 2024 9:54:52 PM org.openqa.selenium.devtools.CdpVersionFinder findNearestMatch
WARNING: Unable to find an exact match for CDP version 127, returning the closest version; found: 125; Please update to a Selenium version that supports CDP version 127
]]></system-err>
  </testcase>
  <testcase name="tc_005validateMenu[Clearance Deals, Clearance Electronics Outlet - Best Buy](4)" classname="ecommercetest.TC_005ValidateMenu" time="34.647">
    <system-err><![CDATA[Aug 14, 2024 9:55:33 PM org.openqa.selenium.devtools.CdpVersionFinder findNearestMatch
WARNING: Unable to find an exact match for CDP version 127, returning the closest version; found: 125; Please update to a Selenium version that supports CDP version 127
]]></system-err>
  </testcase>
  <testcase name="tc_005validateMenu[Credit Cards, Best Buy Credit Card: Rewards &amp; Financing](5)" classname="ecommercetest.TC_005ValidateMenu" time="19.432">
    <system-err><![CDATA[Aug 14, 2024 9:56:22 PM org.openqa.selenium.devtools.CdpVersionFinder findNearestMatch
WARNING: Unable to find an exact match for CDP version 127, returning the closest version; found: 125; Please update to a Selenium version that supports CDP version 127
]]></system-err>
  </testcase>
  <testcase name="tc_005validateMenu[My Best Buy Memberships, My Best Buy Memberships](6)" classname="ecommercetest.TC_005ValidateMenu" time="25.011">
    <system-err><![CDATA[Aug 14, 2024 9:56:59 PM org.openqa.selenium.devtools.CdpVersionFinder findNearestMatch
WARNING: Unable to find an exact match for CDP version 127, returning the closest version; found: 125; Please update to a Selenium version that supports CDP version 127
]]></system-err>
  </testcase>
  <testcase name="tc_005validateMenu[Gift Ideas, Gift Ideas 2024: Best Gifts to Give This Year](7)" classname="ecommercetest.TC_005ValidateMenu" time="20.767">
    <system-err><![CDATA[Aug 14, 2024 9:57:40 PM org.openqa.selenium.devtools.CdpVersionFinder findNearestMatch
WARNING: Unable to find an exact match for CDP version 127, returning the closest version; found: 125; Please update to a Selenium version that supports CDP version 127
]]></system-err>
  </testcase>
  <testcase name="tc_005validateMenu[Home Gym, Home Gym Equipment &amp; Machines - Best Buy](8)" classname="ecommercetest.TC_005ValidateMenu" time="22.673">
    <system-err><![CDATA[Aug 14, 2024 9:58:16 PM org.openqa.selenium.devtools.CdpVersionFinder findNearestMatch
WARNING: Unable to find an exact match for CDP version 127, returning the closest version; found: 125; Please update to a Selenium version that supports CDP version 127
]]></system-err>
  </testcase>
  <testcase name="tc_005validateMenu[Best Buy Outlet, Best Buy Outlet: Clearance Electronics Outlet](9)" classname="ecommercetest.TC_005ValidateMenu" time="30.081">
    <system-err><![CDATA[Aug 14, 2024 9:58:59 PM org.openqa.selenium.devtools.CdpVersionFinder findNearestMatch
WARNING: Unable to find an exact match for CDP version 127, returning the closest version; found: 125; Please update to a Selenium version that supports CDP version 127
]]></system-err>
  </testcase>
  <testcase name="tc_005validateMenu[Best Buy Business, Best Buy for Business - Best Buy](10)" classname="ecommercetest.TC_005ValidateMenu" time="21.253">
    <system-err><![CDATA[Aug 14, 2024 9:59:44 PM org.openqa.selenium.devtools.CdpVersionFinder findNearestMatch
WARNING: Unable to find an exact match for CDP version 127, returning the closest version; found: 125; Please update to a Selenium version that supports CDP version 127
]]></system-err>
  </testcase>
  <testcase name="tc_007SearchAddItemInCart" classname="ecommercetest.TC_007SearchAddItemInCart" time="60.212">
    <system-err><![CDATA[Aug 14, 2024 10:00:27 PM org.openqa.selenium.devtools.CdpVersionFinder findNearestMatch
WARNING: Unable to find an exact match for CDP version 127, returning the closest version; found: 125; Please update to a Selenium version that supports CDP version 127
]]></system-err>
  </testcase>
  <testcase name="tc_003SignIn[Best_Buygmail.com, EcomBest_Buy24, //p[text()=&apos;Please enter a valid email address.&apos;], Please enter a valid email address.](1)" classname="ecommercetest.TC_003SignIn" time="26.89">
    <system-err><![CDATA[Aug 14, 2024 10:02:01 PM org.openqa.selenium.devtools.CdpVersionFinder findNearestMatch
WARNING: Unable to find an exact match for CDP version 127, returning the closest version; found: 125; Please update to a Selenium version that supports CDP version 127
]]></system-err>
  </testcase>
  <testcase name="tc_003SignIn[, EcomBest_Buy24, //p[text()=&apos;Please enter a valid email address.&apos;], Please enter a valid email address.](2)" classname="ecommercetest.TC_003SignIn" time="24.222">
    <system-err><![CDATA[Aug 14, 2024 10:02:41 PM org.openqa.selenium.devtools.CdpVersionFinder findNearestMatch
WARNING: Unable to find an exact match for CDP version 127, returning the closest version; found: 125; Please update to a Selenium version that supports CDP version 127
]]></system-err>
  </testcase>
  <testcase name="tc_003SignIn[Best_Buy@gmail.com, , //p[text()=&apos;Please enter your password.&apos;], Please enter your password.](3)" classname="ecommercetest.TC_003SignIn" time="20.907">
    <system-err><![CDATA[Aug 14, 2024 10:03:15 PM org.openqa.selenium.devtools.CdpVersionFinder findNearestMatch
WARNING: Unable to find an exact match for CDP version 127, returning the closest version; found: 125; Please update to a Selenium version that supports CDP version 127
]]></system-err>
  </testcase>
  <testcase name="tc_003SignIn[Best_Buy24@gmail.com, EcomBest_Buy, //div[text()=&apos;Sorry, something went wrong. Please try again.&apos;], Sorry, something went wrong. Please try again.](4)" classname="ecommercetest.TC_003SignIn" time="23.305">
    <system-err><![CDATA[Aug 14, 2024 10:03:48 PM org.openqa.selenium.devtools.CdpVersionFinder findNearestMatch
WARNING: Unable to find an exact match for CDP version 127, returning the closest version; found: 125; Please update to a Selenium version that supports CDP version 127
]]></system-err>
  </testcase>
</testsuite>