<?xml version="1.0" encoding="UTF-8"?>
<testsuite xmlns:xsi="http://www.w3.org/2001/XMLSchema-instance" xsi:noNamespaceSchemaLocation="https://maven.apache.org/surefire/maven-surefire-plugin/xsd/surefire-test-report-3.0.xsd" version="3.0" name="TestSuite" time="764.903" tests="30" errors="0" skipped="0" failures="0">
  <properties>
[...]
</properties>
  <testcase name="tc_004_validateCreatAccount[user1980, user1980, Best_Buy19@gmail.com, EcomBest_Buy24, EcomBest_Buy24, 9837462738, //p[text()=&apos;Too many numeric characters.&apos;], Too many numeric characters.](1)" classname="ecommercetest.TC_004CreateAccount" time="23.378">
    <system-out><![CDATA[BestBuy Automation has started Successfully
]]></system-out>
    <system-err><![CDATA[SLF4J(W): No SLF4J providers were found.
SLF4J(W): Defaulting to no-operation (NOP) logger implementation
SLF4J(W): See https://www.slf4j.org/codes.html#noProviders for further details.
Aug 18, 2024 8:38:00 AM org.openqa.selenium.devtools.CdpVersionFinder findNearestMatch
WARNING: Unable to find an exact match for CDP version 127, returning the closest version; found: 125; Please update to a Selenium version that supports CDP version 127
]]></system-err>
  </testcase>
  <testcase name="tc_004_validateCreatAccount[use0, use0, Best_Buy19@gmail.com, EcomBest_Buy24, EcomBest_Buy24, 9837462738, //strong[text()=&apos;An account with this email already exists.&apos;], An account with this email already exists.](2)" classname="ecommercetest.TC_004CreateAccount" time="22.056">
    <system-err><![CDATA[Aug 18, 2024 8:38:28 AM org.openqa.selenium.devtools.CdpVersionFinder findNearestMatch
WARNING: Unable to find an exact match for CDP version 127, returning the closest version; found: 125; Please update to a Selenium version that supports CDP version 127
]]></system-err>
  </testcase>
  <testcase name="tc_004_validateCreatAccount[, user0, Best_Buy19@gmail.com, EcomBest_Buy24, EcomBest_Buy24, 9837462738, //p[text()=&apos;Please enter your first name.&apos;], Please enter your first name.](3)" classname="ecommercetest.TC_004CreateAccount" time="18.619">
    <system-err><![CDATA[Aug 18, 2024 8:38:53 AM org.openqa.selenium.devtools.CdpVersionFinder findNearestMatch
WARNING: Unable to find an exact match for CDP version 127, returning the closest version; found: 125; Please update to a Selenium version that supports CDP version 127
]]></system-err>
  </testcase>
  <testcase name="tc_004_validateCreatAccount[user0, , Best_Buy19@gmail.com, EcomBest_Buy24, EcomBest_Buy24, 9837462738, //p[text()=&apos;Please enter your last name.&apos;], Please enter your last name.](4)" classname="ecommercetest.TC_004CreateAccount" time="17.972">
    <system-err><![CDATA[Aug 18, 2024 8:39:15 AM org.openqa.selenium.devtools.CdpVersionFinder findNearestMatch
WARNING: Unable to find an exact match for CDP version 127, returning the closest version; found: 125; Please update to a Selenium version that supports CDP version 127
]]></system-err>
  </testcase>
  <testcase name="tc_004_validateCreatAccount[user0, user0, Best_Buy19gmail.com, EcomBest_Buy24, EcomBest_Buy24, 9837462738, //p[text()=&apos;Please enter a valid email address.&apos;], Please enter a valid email address.](5)" classname="ecommercetest.TC_004CreateAccount" time="20.053">
    <system-err><![CDATA[Aug 18, 2024 8:39:36 AM org.openqa.selenium.devtools.CdpVersionFinder findNearestMatch
WARNING: Unable to find an exact match for CDP version 127, returning the closest version; found: 125; Please update to a Selenium version that supports CDP version 127
]]></system-err>
  </testcase>
  <testcase name="tc_004_validateCreatAccount[user0, user0, , EcomBest_Buy24, EcomBest_Buy24, 9837462738, //p[text()=&apos;Please enter a valid email address.&apos;], Please enter a valid email address.](6)" classname="ecommercetest.TC_004CreateAccount" time="22.399">
    <system-err><![CDATA[Aug 18, 2024 8:40:00 AM org.openqa.selenium.devtools.CdpVersionFinder findNearestMatch
WARNING: Unable to find an exact match for CDP version 127, returning the closest version; found: 125; Please update to a Selenium version that supports CDP version 127
]]></system-err>
  </testcase>
  <testcase name="tc_004_validateCreatAccount[user0, user0, Best_Buy19@gmail.com, EcomBest, EcomBest_Buy24, 9837462738, //p[text()=&apos;Please enter a strong password.&apos;], Please enter a strong password.](7)" classname="ecommercetest.TC_004CreateAccount" time="19.846">
    <system-err><![CDATA[Aug 18, 2024 8:40:26 AM org.openqa.selenium.devtools.CdpVersionFinder findNearestMatch
WARNING: Unable to find an exact match for CDP version 127, returning the closest version; found: 125; Please update to a Selenium version that supports CDP version 127
]]></system-err>
  </testcase>
  <testcase name="tc_004_validateCreatAccount[user0, user0, Best_Buy19@gmail.com, EcomBest_Buy24, EcomBest_, 9837462738, //p[text()=&apos;Passwords do not match.&apos;], Passwords do not match.](8)" classname="ecommercetest.TC_004CreateAccount" time="17.819">
    <system-err><![CDATA[Aug 18, 2024 8:40:49 AM org.openqa.selenium.devtools.CdpVersionFinder findNearestMatch
WARNING: Unable to find an exact match for CDP version 127, returning the closest version; found: 125; Please update to a Selenium version that supports CDP version 127
]]></system-err>
  </testcase>
  <testcase name="tc_004_validateCreatAccount[user0, user0, Best_Buy19@gmail.com, , EcomBest_Buy24, 9837462738, //p[text()=&apos;Passwords do not match.&apos;], Passwords do not match.](9)" classname="ecommercetest.TC_004CreateAccount" time="17.304">
    <system-err><![CDATA[Aug 18, 2024 8:41:10 AM org.openqa.selenium.devtools.CdpVersionFinder findNearestMatch
WARNING: Unable to find an exact match for CDP version 127, returning the closest version; found: 125; Please update to a Selenium version that supports CDP version 127
]]></system-err>
  </testcase>
  <testcase name="tc_004_validateCreatAccount[user0, user0, Best_Buy19@gmail.com, , , 9837462738, //p[text()=&apos;Please reenter your password.&apos;], Please reenter your password.](10)" classname="ecommercetest.TC_004CreateAccount" time="17.274">
    <system-err><![CDATA[Aug 18, 2024 8:41:29 AM org.openqa.selenium.devtools.CdpVersionFinder findNearestMatch
WARNING: Unable to find an exact match for CDP version 127, returning the closest version; found: 125; Please update to a Selenium version that supports CDP version 127
]]></system-err>
  </testcase>
  <testcase name="tc_004_validateCreatAccount[user0, user0, Best_Buy19@gmail.com, EcomBest_Buy24, EcomBest_Buy24, 9837462738, //span[text()=&apos;Your passwords match!&apos;], Your passwords match!](11)" classname="ecommercetest.TC_004CreateAccount" time="27.999">
    <system-err><![CDATA[Aug 18, 2024 8:41:50 AM org.openqa.selenium.devtools.CdpVersionFinder findNearestMatch
WARNING: Unable to find an exact match for CDP version 127, returning the closest version; found: 125; Please update to a Selenium version that supports CDP version 127
]]></system-err>
  </testcase>
  <testcase name="tc_004_validateCreatAccount[user0, user0, Best_Buy19@gmail.com, EcomBest_Buy24, EcomBest_Buy24, 98374627, //p[text()=&apos;Please enter a valid mobile phone number.&apos;], Please enter a valid mobile phone number.](12)" classname="ecommercetest.TC_004CreateAccount" time="17.663">
    <system-err><![CDATA[Aug 18, 2024 8:42:21 AM org.openqa.selenium.devtools.CdpVersionFinder findNearestMatch
WARNING: Unable to find an exact match for CDP version 127, returning the closest version; found: 125; Please update to a Selenium version that supports CDP version 127
]]></system-err>
  </testcase>
  <testcase name="tc_004_validateCreatAccount[user0, user0, Best_Buy19@gmail.com, EcomBest_Buy24, EcomBest_Buy24, 9837462iut, //p[text()=&apos;Please enter a valid mobile phone number.&apos;], Please enter a valid mobile phone number.](13)" classname="ecommercetest.TC_004CreateAccount" time="16.541">
    <system-err><![CDATA[Aug 18, 2024 8:42:42 AM org.openqa.selenium.devtools.CdpVersionFinder findNearestMatch
WARNING: Unable to find an exact match for CDP version 127, returning the closest version; found: 125; Please update to a Selenium version that supports CDP version 127
]]></system-err>
  </testcase>
  <testcase name="tc_004_validateCreatAccount[user0, user0, Best_Buy19@gmail.com, EcomBest_Buy24, EcomBest_Buy24, , //p[text()=&apos;Please enter a valid mobile phone number.&apos;], Please enter a valid mobile phone number.](14)" classname="ecommercetest.TC_004CreateAccount" time="16.108">
    <system-err><![CDATA[Aug 18, 2024 8:43:02 AM org.openqa.selenium.devtools.CdpVersionFinder findNearestMatch
WARNING: Unable to find an exact match for CDP version 127, returning the closest version; found: 125; Please update to a Selenium version that supports CDP version 127
]]></system-err>
  </testcase>
  <testcase name="tc_002validatebrokenurl" classname="ecommercetest.TC_002ValidateBrokenURL" time="18.591">
    <system-err><![CDATA[Aug 18, 2024 8:43:21 AM org.openqa.selenium.devtools.CdpVersionFinder findNearestMatch
WARNING: Unable to find an exact match for CDP version 127, returning the closest version; found: 125; Please update to a Selenium version that supports CDP version 127
]]></system-err>
  </testcase>
  <testcase name="tc_001navigatToBestBest" classname="ecommercetest.TC_001NavigatetoURL" time="0.692">
    <system-err><![CDATA[Aug 18, 2024 8:43:43 AM org.openqa.selenium.devtools.CdpVersionFinder findNearestMatch
WARNING: Unable to find an exact match for CDP version 127, returning the closest version; found: 125; Please update to a Selenium version that supports CDP version 127
]]></system-err>
  </testcase>
  <testcase name="tc_006validatebottomlink[Health Data Privacy, Health Data Privacy Information - Best Buy](1)" classname="ecommercetest.TC_006ValidateBottomLinks" time="15.876">
    <system-err><![CDATA[Aug 18, 2024 8:43:48 AM org.openqa.selenium.devtools.CdpVersionFinder findNearestMatch
WARNING: Unable to find an exact match for CDP version 127, returning the closest version; found: 125; Please update to a Selenium version that supports CDP version 127
]]></system-err>
  </testcase>
  <testcase name="tc_006validatebottomlink[Accessibility, Accessibility - Best Buy](2)" classname="ecommercetest.TC_006ValidateBottomLinks" time="14.022">
    <system-err><![CDATA[Aug 18, 2024 8:44:10 AM org.openqa.selenium.devtools.CdpVersionFinder findNearestMatch
WARNING: Unable to find an exact match for CDP version 127, returning the closest version; found: 125; Please update to a Selenium version that supports CDP version 127
]]></system-err>
  </testcase>
  <testcase name="tc_006validatebottomlink[Privacy, Privacy Policy Hub - Best Buy](3)" classname="ecommercetest.TC_006ValidateBottomLinks" time="14.12">
    <system-err><![CDATA[Aug 18, 2024 8:44:27 AM org.openqa.selenium.devtools.CdpVersionFinder findNearestMatch
WARNING: Unable to find an exact match for CDP version 127, returning the closest version; found: 125; Please update to a Selenium version that supports CDP version 127
]]></system-err>
  </testcase>
  <testcase name="tc_013_B_AddItemByDeptMenuWithOffer" classname="ecommercetest.TC_013AddtionalTask2" time="56.722">
    <system-out><![CDATA[BestBuy Automation has completed Successfully
BestBuy Automation has started Successfully
No Pop-Up Displayed
No Pop-Up Displayed
]]></system-out>
    <system-err><![CDATA[Aug 18, 2024 8:44:45 AM org.openqa.selenium.devtools.CdpVersionFinder findNearestMatch
WARNING: Unable to find an exact match for CDP version 127, returning the closest version; found: 125; Please update to a Selenium version that supports CDP version 127
]]></system-err>
  </testcase>
  <testcase name="tc_013_A_ForgotpasswordFunctionality[, //p[text()=&apos;Please enter a valid email address.&apos;], Please enter a valid email address.](1)" classname="ecommercetest.TC_013AddtionalTask2" time="16.61">
    <system-err><![CDATA[Aug 18, 2024 8:45:46 AM org.openqa.selenium.devtools.CdpVersionFinder findNearestMatch
WARNING: Unable to find an exact match for CDP version 127, returning the closest version; found: 125; Please update to a Selenium version that supports CDP version 127
]]></system-err>
  </testcase>
  <testcase name="tc_013_A_ForgotpasswordFunctionality[gowthamidharma@gmail.com, (//h1[normalize-space()=&quot;Great. You&apos;ve got a couple options.&quot;])[1], Great. You&apos;ve got a couple options.](2)" classname="ecommercetest.TC_013AddtionalTask2" time="18.902">
    <system-err><![CDATA[Aug 18, 2024 8:46:06 AM org.openqa.selenium.devtools.CdpVersionFinder findNearestMatch
WARNING: Unable to find an exact match for CDP version 127, returning the closest version; found: 125; Please update to a Selenium version that supports CDP version 127
]]></system-err>
  </testcase>
  <testcase name="tc_008AddItemByDeptMenu" classname="ecommercetest.TC_008AddItemByDept" time="48.427">
    <system-err><![CDATA[Aug 18, 2024 8:46:28 AM org.openqa.selenium.devtools.CdpVersionFinder findNearestMatch
WARNING: Unable to find an exact match for CDP version 127, returning the closest version; found: 125; Please update to a Selenium version that supports CDP version 127
]]></system-err>
  </testcase>
  <testcase name="tc_009AddItemShopByBrandMenu" classname="ecommercetest.TC_009AddItemByBrand" time="46.856">
    <system-err><![CDATA[Aug 18, 2024 8:47:21 AM org.openqa.selenium.devtools.CdpVersionFinder findNearestMatch
WARNING: Unable to find an exact match for CDP version 127, returning the closest version; found: 125; Please update to a Selenium version that supports CDP version 127
]]></system-err>
  </testcase>
  <testcase name="tc_012_C_ValiadateBrokenLinksInSignInPage" classname="ecommercetest.TC_012AdditionalTask1" time="39.774">
    <system-out><![CDATA[List of links in Current Page Terms and Conditions
List of links in Current Page Privacy
List of links in Current Page Interest-Based Ads
No.of BrokenLinks In the Current Page is 0
]]></system-out>
    <system-err><![CDATA[Aug 18, 2024 8:48:12 AM org.openqa.selenium.devtools.CdpVersionFinder findNearestMatch
WARNING: Unable to find an exact match for CDP version 127, returning the closest version; found: 125; Please update to a Selenium version that supports CDP version 127
]]></system-err>
  </testcase>
  <testcase name="tc_012_B_validateBusinessAccount" classname="ecommercetest.TC_012AdditionalTask1" time="19.555">
    <system-err><![CDATA[Aug 18, 2024 8:48:55 AM org.openqa.selenium.devtools.CdpVersionFinder findNearestMatch
WARNING: Unable to find an exact match for CDP version 127, returning the closest version; found: 125; Please update to a Selenium version that supports CDP version 127
]]></system-err>
  </testcase>
  <testcase name="tc_012_A_SearchBoxValidation[kettle, Results for &quot;kettle&quot; in Coffee, Tea &amp; Espresso.Search all categories instead.](1)" classname="ecommercetest.TC_012AdditionalTask1" time="16.85">
    <system-err><![CDATA[Aug 18, 2024 8:49:18 AM org.openqa.selenium.devtools.CdpVersionFinder findNearestMatch
WARNING: Unable to find an exact match for CDP version 127, returning the closest version; found: 125; Please update to a Selenium version that supports CDP version 127
]]></system-err>
  </testcase>
  <testcase name="tc_012_A_SearchBoxValidation[%^*, Try a different search term or check out some of our suggestions below.](2)" classname="ecommercetest.TC_012AdditionalTask1" time="16.137">
    <system-err><![CDATA[Aug 18, 2024 8:49:38 AM org.openqa.selenium.devtools.CdpVersionFinder findNearestMatch
WARNING: Unable to find an exact match for CDP version 127, returning the closest version; found: 125; Please update to a Selenium version that supports CDP version 127
]]></system-err>
  </testcase>
  <testcase name="tc_012_A_SearchBoxValidation[&quot;98465&quot;, Results for 98465](3)" classname="ecommercetest.TC_012AdditionalTask1" time="15.654">
    <system-err><![CDATA[Aug 18, 2024 8:49:57 AM org.openqa.selenium.devtools.CdpVersionFinder findNearestMatch
WARNING: Unable to find an exact match for CDP version 127, returning the closest version; found: 125; Please update to a Selenium version that supports CDP version 127
]]></system-err>
  </testcase>
  <testcase name="tc_012_A_SearchBoxValidation[*#@%, Results for *#@%](4)" classname="ecommercetest.TC_012AdditionalTask1" time="18.864">
    <system-err><![CDATA[Aug 18, 2024 8:50:16 AM org.openqa.selenium.devtools.CdpVersionFinder findNearestMatch
WARNING: Unable to find an exact match for CDP version 127, returning the closest version; found: 125; Please update to a Selenium version that supports CDP version 127
]]></system-err>
  </testcase>
</testsuite>