<?xml version="1.0" encoding="UTF-8"?>
<testng-results ignored="0" total="16" passed="16" failed="0" skipped="0">
  <reporter-output>
  </reporter-output>
  <suite started-at="2024-08-15T14:14:08 GST" name="Suite2" finished-at="2024-08-15T14:20:18 GST" duration-ms="369774">
    <groups>
    </groups>
    <test started-at="2024-08-15T14:14:08 GST" name="Test2" finished-at="2024-08-15T14:20:18 GST" duration-ms="369774">
      <class name="ecommercetest.TC_007SearchAddItemInCart">
        <test-method is-config="true" signature="setup()[pri:0, instance:ecommercetest.TC_007SearchAddItemInCart@4c163e3]" started-at="2024-08-15T14:14:08 GST" name="setup" finished-at="2024-08-15T14:14:08 GST" duration-ms="0" status="PASS">
          <reporter-output>
          </reporter-output>
        </test-method> <!-- setup -->
        <test-method is-config="true" signature="testDetails()[pri:0, instance:ecommercetest.TC_007SearchAddItemInCart@4c163e3]" started-at="2024-08-15T14:18:24 GST" name="testDetails" finished-at="2024-08-15T14:18:24 GST" duration-ms="2" status="PASS">
          <reporter-output>
          </reporter-output>
        </test-method> <!-- testDetails -->
        <test-method is-config="true" signature="start(java.lang.String)[pri:0, instance:ecommercetest.TC_007SearchAddItemInCart@4c163e3]" started-at="2024-08-15T14:18:24 GST" name="start" finished-at="2024-08-15T14:18:27 GST" duration-ms="2859" status="PASS">
          <params>
            <param index="0">
              <value>
                <![CDATA[edge]]>
              </value>
            </param>
          </params>
          <reporter-output>
          </reporter-output>
        </test-method> <!-- start -->
        <test-method signature="tc_007SearchAddItemInCart()[pri:3, instance:ecommercetest.TC_007SearchAddItemInCart@4c163e3]" started-at="2024-08-15T14:18:27 GST" name="tc_007SearchAddItemInCart" finished-at="2024-08-15T14:19:00 GST" duration-ms="32520" status="PASS">
          <reporter-output>
          </reporter-output>
        </test-method> <!-- tc_007SearchAddItemInCart -->
        <test-method is-config="true" signature="close()[pri:0, instance:ecommercetest.TC_007SearchAddItemInCart@4c163e3]" started-at="2024-08-15T14:19:00 GST" name="close" finished-at="2024-08-15T14:19:02 GST" duration-ms="1494" status="PASS">
          <reporter-output>
          </reporter-output>
        </test-method> <!-- close -->
      </class> <!-- ecommercetest.TC_007SearchAddItemInCart -->
      <class name="ecommercetest.TC_010CheckoutPage">
        <test-method is-config="true" signature="startReport()[pri:0, instance:ecommercetest.TC_010CheckoutPage@2a693f59]" started-at="2024-08-15T14:14:07 GST" name="startReport" finished-at="2024-08-15T14:14:08 GST" duration-ms="499" status="PASS">
          <reporter-output>
          </reporter-output>
        </test-method> <!-- startReport -->
        <test-method is-config="true" signature="setup()[pri:0, instance:ecommercetest.TC_010CheckoutPage@2a693f59]" started-at="2024-08-15T14:14:08 GST" name="setup" finished-at="2024-08-15T14:14:08 GST" duration-ms="1" status="PASS">
          <reporter-output>
          </reporter-output>
        </test-method> <!-- setup -->
        <test-method is-config="true" signature="testDetails()[pri:0, instance:ecommercetest.TC_010CheckoutPage@2a693f59]" started-at="2024-08-15T14:14:08 GST" name="testDetails" finished-at="2024-08-15T14:14:08 GST" duration-ms="16" status="PASS">
          <reporter-output>
          </reporter-output>
        </test-method> <!-- testDetails -->
        <test-method is-config="true" signature="start(java.lang.String)[pri:0, instance:ecommercetest.TC_010CheckoutPage@2a693f59]" started-at="2024-08-15T14:14:10 GST" name="start" finished-at="2024-08-15T14:14:15 GST" duration-ms="5438" status="PASS">
          <params>
            <param index="0">
              <value>
                <![CDATA[edge]]>
              </value>
            </param>
          </params>
          <reporter-output>
          </reporter-output>
        </test-method> <!-- start -->
        <test-method signature="tc_010CheckOutPageFilling(java.lang.String,java.lang.String,java.lang.String)[pri:1, instance:ecommercetest.TC_010CheckoutPage@2a693f59]" started-at="2024-08-15T14:14:15 GST" name="tc_010CheckOutPageFilling" data-provider="getdata" finished-at="2024-08-15T14:15:16 GST" duration-ms="60476" status="PASS">
          <params>
            <param index="0">
              <value>
                <![CDATA[Best_Buy24@gmail.com]]>
              </value>
            </param>
            <param index="1">
              <value>
                <![CDATA[9837426748]]>
              </value>
            </param>
            <param index="2">
              <value>
                <![CDATA[Request failed because of network connection]]>
              </value>
            </param>
          </params>
          <reporter-output>
          </reporter-output>
        </test-method> <!-- tc_010CheckOutPageFilling -->
        <test-method is-config="true" signature="close()[pri:0, instance:ecommercetest.TC_010CheckoutPage@2a693f59]" started-at="2024-08-15T14:15:16 GST" name="close" finished-at="2024-08-15T14:15:18 GST" duration-ms="2169" status="PASS">
          <reporter-output>
          </reporter-output>
        </test-method> <!-- close -->
        <test-method is-config="true" signature="endReport()[pri:0, instance:ecommercetest.TC_010CheckoutPage@2a693f59]" started-at="2024-08-15T14:20:18 GST" name="endReport" finished-at="2024-08-15T14:20:18 GST" duration-ms="0" status="PASS">
          <reporter-output>
          </reporter-output>
        </test-method> <!-- endReport -->
      </class> <!-- ecommercetest.TC_010CheckoutPage -->
      <class name="ecommercetest.TC_005ValidateMenu">
        <test-method is-config="true" signature="setup()[pri:0, instance:ecommercetest.TC_005ValidateMenu@52f27fbd]" started-at="2024-08-15T14:14:08 GST" name="setup" finished-at="2024-08-15T14:14:08 GST" duration-ms="0" status="PASS">
          <reporter-output>
          </reporter-output>
        </test-method> <!-- setup -->
        <test-method is-config="true" signature="testDetails()[pri:0, instance:ecommercetest.TC_005ValidateMenu@52f27fbd]" started-at="2024-08-15T14:15:18 GST" name="testDetails" finished-at="2024-08-15T14:15:18 GST" duration-ms="0" status="PASS">
          <reporter-output>
          </reporter-output>
        </test-method> <!-- testDetails -->
        <test-method is-config="true" signature="start(java.lang.String)[pri:0, instance:ecommercetest.TC_005ValidateMenu@52f27fbd]" started-at="2024-08-15T14:15:18 GST" name="start" finished-at="2024-08-15T14:15:22 GST" duration-ms="3540" status="PASS">
          <params>
            <param index="0">
              <value>
                <![CDATA[edge]]>
              </value>
            </param>
          </params>
          <reporter-output>
          </reporter-output>
        </test-method> <!-- start -->
        <test-method signature="tc_005validateMenu(java.lang.String,java.lang.String)[pri:2, instance:ecommercetest.TC_005ValidateMenu@52f27fbd]" started-at="2024-08-15T14:15:22 GST" name="tc_005validateMenu" data-provider="getdata" finished-at="2024-08-15T14:15:39 GST" duration-ms="17466" status="PASS">
          <params>
            <param index="0">
              <value>
                <![CDATA[K-12 Tech]]>
              </value>
            </param>
            <param index="1">
              <value>
                <![CDATA[Parent Hub - Best Buy]]>
              </value>
            </param>
          </params>
          <reporter-output>
          </reporter-output>
        </test-method> <!-- tc_005validateMenu -->
        <test-method is-config="true" signature="close()[pri:0, instance:ecommercetest.TC_005ValidateMenu@52f27fbd]" started-at="2024-08-15T14:15:40 GST" name="close" finished-at="2024-08-15T14:15:41 GST" duration-ms="1565" status="PASS">
          <reporter-output>
          </reporter-output>
        </test-method> <!-- close -->
        <test-method is-config="true" signature="start(java.lang.String)[pri:0, instance:ecommercetest.TC_005ValidateMenu@52f27fbd]" started-at="2024-08-15T14:15:41 GST" name="start" finished-at="2024-08-15T14:15:45 GST" duration-ms="4175" status="PASS">
          <params>
            <param index="0">
              <value>
                <![CDATA[edge]]>
              </value>
            </param>
          </params>
          <reporter-output>
          </reporter-output>
        </test-method> <!-- start -->
        <test-method signature="tc_005validateMenu(java.lang.String,java.lang.String)[pri:2, instance:ecommercetest.TC_005ValidateMenu@52f27fbd]" started-at="2024-08-15T14:15:45 GST" name="tc_005validateMenu" data-provider="getdata" finished-at="2024-08-15T14:15:57 GST" duration-ms="11991" status="PASS">
          <params>
            <param index="0">
              <value>
                <![CDATA[Top Deals]]>
              </value>
            </param>
            <param index="1">
              <value>
                <![CDATA[Top Deals and Featured Offers on Electronics - Best Buy]]>
              </value>
            </param>
          </params>
          <reporter-output>
          </reporter-output>
        </test-method> <!-- tc_005validateMenu -->
        <test-method is-config="true" signature="close()[pri:0, instance:ecommercetest.TC_005ValidateMenu@52f27fbd]" started-at="2024-08-15T14:15:58 GST" name="close" finished-at="2024-08-15T14:15:59 GST" duration-ms="1313" status="PASS">
          <reporter-output>
          </reporter-output>
        </test-method> <!-- close -->
        <test-method is-config="true" signature="start(java.lang.String)[pri:0, instance:ecommercetest.TC_005ValidateMenu@52f27fbd]" started-at="2024-08-15T14:15:59 GST" name="start" finished-at="2024-08-15T14:16:02 GST" duration-ms="2913" status="PASS">
          <params>
            <param index="0">
              <value>
                <![CDATA[edge]]>
              </value>
            </param>
          </params>
          <reporter-output>
          </reporter-output>
        </test-method> <!-- start -->
        <test-method signature="tc_005validateMenu(java.lang.String,java.lang.String)[pri:2, instance:ecommercetest.TC_005ValidateMenu@52f27fbd]" started-at="2024-08-15T14:16:02 GST" name="tc_005validateMenu" data-provider="getdata" finished-at="2024-08-15T14:16:16 GST" duration-ms="14269" status="PASS">
          <params>
            <param index="0">
              <value>
                <![CDATA[Deal of the Day]]>
              </value>
            </param>
            <param index="1">
              <value>
                <![CDATA[Deal of the Day: Electronics Deals - Best Buy]]>
              </value>
            </param>
          </params>
          <reporter-output>
          </reporter-output>
        </test-method> <!-- tc_005validateMenu -->
        <test-method is-config="true" signature="close()[pri:0, instance:ecommercetest.TC_005ValidateMenu@52f27fbd]" started-at="2024-08-15T14:16:16 GST" name="close" finished-at="2024-08-15T14:16:18 GST" duration-ms="1576" status="PASS">
          <reporter-output>
          </reporter-output>
        </test-method> <!-- close -->
        <test-method is-config="true" signature="start(java.lang.String)[pri:0, instance:ecommercetest.TC_005ValidateMenu@52f27fbd]" started-at="2024-08-15T14:16:18 GST" name="start" finished-at="2024-08-15T14:16:21 GST" duration-ms="3239" status="PASS">
          <params>
            <param index="0">
              <value>
                <![CDATA[edge]]>
              </value>
            </param>
          </params>
          <reporter-output>
          </reporter-output>
        </test-method> <!-- start -->
        <test-method signature="tc_005validateMenu(java.lang.String,java.lang.String)[pri:2, instance:ecommercetest.TC_005ValidateMenu@52f27fbd]" started-at="2024-08-15T14:16:21 GST" name="tc_005validateMenu" data-provider="getdata" finished-at="2024-08-15T14:16:35 GST" duration-ms="14266" status="PASS">
          <params>
            <param index="0">
              <value>
                <![CDATA[Clearance Deals]]>
              </value>
            </param>
            <param index="1">
              <value>
                <![CDATA[Clearance Electronics Outlet - Best Buy]]>
              </value>
            </param>
          </params>
          <reporter-output>
          </reporter-output>
        </test-method> <!-- tc_005validateMenu -->
        <test-method is-config="true" signature="close()[pri:0, instance:ecommercetest.TC_005ValidateMenu@52f27fbd]" started-at="2024-08-15T14:16:36 GST" name="close" finished-at="2024-08-15T14:16:37 GST" duration-ms="1468" status="PASS">
          <reporter-output>
          </reporter-output>
        </test-method> <!-- close -->
        <test-method is-config="true" signature="start(java.lang.String)[pri:0, instance:ecommercetest.TC_005ValidateMenu@52f27fbd]" started-at="2024-08-15T14:16:37 GST" name="start" finished-at="2024-08-15T14:16:39 GST" duration-ms="2285" status="PASS">
          <params>
            <param index="0">
              <value>
                <![CDATA[edge]]>
              </value>
            </param>
          </params>
          <reporter-output>
          </reporter-output>
        </test-method> <!-- start -->
        <test-method signature="tc_005validateMenu(java.lang.String,java.lang.String)[pri:2, instance:ecommercetest.TC_005ValidateMenu@52f27fbd]" started-at="2024-08-15T14:16:39 GST" name="tc_005validateMenu" data-provider="getdata" finished-at="2024-08-15T14:16:50 GST" duration-ms="10883" status="PASS">
          <params>
            <param index="0">
              <value>
                <![CDATA[Credit Cards]]>
              </value>
            </param>
            <param index="1">
              <value>
                <![CDATA[Best Buy Credit Card: Rewards & Financing]]>
              </value>
            </param>
          </params>
          <reporter-output>
          </reporter-output>
        </test-method> <!-- tc_005validateMenu -->
        <test-method is-config="true" signature="close()[pri:0, instance:ecommercetest.TC_005ValidateMenu@52f27fbd]" started-at="2024-08-15T14:16:51 GST" name="close" finished-at="2024-08-15T14:16:52 GST" duration-ms="1414" status="PASS">
          <reporter-output>
          </reporter-output>
        </test-method> <!-- close -->
        <test-method is-config="true" signature="start(java.lang.String)[pri:0, instance:ecommercetest.TC_005ValidateMenu@52f27fbd]" started-at="2024-08-15T14:16:52 GST" name="start" finished-at="2024-08-15T14:16:55 GST" duration-ms="2397" status="PASS">
          <params>
            <param index="0">
              <value>
                <![CDATA[edge]]>
              </value>
            </param>
          </params>
          <reporter-output>
          </reporter-output>
        </test-method> <!-- start -->
        <test-method signature="tc_005validateMenu(java.lang.String,java.lang.String)[pri:2, instance:ecommercetest.TC_005ValidateMenu@52f27fbd]" started-at="2024-08-15T14:16:55 GST" name="tc_005validateMenu" data-provider="getdata" finished-at="2024-08-15T14:17:08 GST" duration-ms="13243" status="PASS">
          <params>
            <param index="0">
              <value>
                <![CDATA[My Best Buy Memberships]]>
              </value>
            </param>
            <param index="1">
              <value>
                <![CDATA[My Best Buy Memberships]]>
              </value>
            </param>
          </params>
          <reporter-output>
          </reporter-output>
        </test-method> <!-- tc_005validateMenu -->
        <test-method is-config="true" signature="close()[pri:0, instance:ecommercetest.TC_005ValidateMenu@52f27fbd]" started-at="2024-08-15T14:17:08 GST" name="close" finished-at="2024-08-15T14:17:10 GST" duration-ms="1446" status="PASS">
          <reporter-output>
          </reporter-output>
        </test-method> <!-- close -->
        <test-method is-config="true" signature="start(java.lang.String)[pri:0, instance:ecommercetest.TC_005ValidateMenu@52f27fbd]" started-at="2024-08-15T14:17:10 GST" name="start" finished-at="2024-08-15T14:17:13 GST" duration-ms="3369" status="PASS">
          <params>
            <param index="0">
              <value>
                <![CDATA[edge]]>
              </value>
            </param>
          </params>
          <reporter-output>
          </reporter-output>
        </test-method> <!-- start -->
        <test-method signature="tc_005validateMenu(java.lang.String,java.lang.String)[pri:2, instance:ecommercetest.TC_005ValidateMenu@52f27fbd]" started-at="2024-08-15T14:17:13 GST" name="tc_005validateMenu" data-provider="getdata" finished-at="2024-08-15T14:17:28 GST" duration-ms="14975" status="PASS">
          <params>
            <param index="0">
              <value>
                <![CDATA[Gift Ideas]]>
              </value>
            </param>
            <param index="1">
              <value>
                <![CDATA[Gift Ideas 2024: Best Gifts to Give This Year]]>
              </value>
            </param>
          </params>
          <reporter-output>
          </reporter-output>
        </test-method> <!-- tc_005validateMenu -->
        <test-method is-config="true" signature="close()[pri:0, instance:ecommercetest.TC_005ValidateMenu@52f27fbd]" started-at="2024-08-15T14:17:28 GST" name="close" finished-at="2024-08-15T14:17:30 GST" duration-ms="1510" status="PASS">
          <reporter-output>
          </reporter-output>
        </test-method> <!-- close -->
        <test-method is-config="true" signature="start(java.lang.String)[pri:0, instance:ecommercetest.TC_005ValidateMenu@52f27fbd]" started-at="2024-08-15T14:17:30 GST" name="start" finished-at="2024-08-15T14:17:32 GST" duration-ms="1773" status="PASS">
          <params>
            <param index="0">
              <value>
                <![CDATA[edge]]>
              </value>
            </param>
          </params>
          <reporter-output>
          </reporter-output>
        </test-method> <!-- start -->
        <test-method signature="tc_005validateMenu(java.lang.String,java.lang.String)[pri:2, instance:ecommercetest.TC_005ValidateMenu@52f27fbd]" started-at="2024-08-15T14:17:32 GST" name="tc_005validateMenu" data-provider="getdata" finished-at="2024-08-15T14:17:50 GST" duration-ms="18265" status="PASS">
          <params>
            <param index="0">
              <value>
                <![CDATA[Home Gym]]>
              </value>
            </param>
            <param index="1">
              <value>
                <![CDATA[Home Gym Equipment & Machines - Best Buy]]>
              </value>
            </param>
          </params>
          <reporter-output>
          </reporter-output>
        </test-method> <!-- tc_005validateMenu -->
        <test-method is-config="true" signature="close()[pri:0, instance:ecommercetest.TC_005ValidateMenu@52f27fbd]" started-at="2024-08-15T14:17:50 GST" name="close" finished-at="2024-08-15T14:17:52 GST" duration-ms="1514" status="PASS">
          <reporter-output>
          </reporter-output>
        </test-method> <!-- close -->
        <test-method is-config="true" signature="start(java.lang.String)[pri:0, instance:ecommercetest.TC_005ValidateMenu@52f27fbd]" started-at="2024-08-15T14:17:52 GST" name="start" finished-at="2024-08-15T14:17:55 GST" duration-ms="3870" status="PASS">
          <params>
            <param index="0">
              <value>
                <![CDATA[edge]]>
              </value>
            </param>
          </params>
          <reporter-output>
          </reporter-output>
        </test-method> <!-- start -->
        <test-method signature="tc_005validateMenu(java.lang.String,java.lang.String)[pri:2, instance:ecommercetest.TC_005ValidateMenu@52f27fbd]" started-at="2024-08-15T14:17:55 GST" name="tc_005validateMenu" data-provider="getdata" finished-at="2024-08-15T14:18:07 GST" duration-ms="11597" status="PASS">
          <params>
            <param index="0">
              <value>
                <![CDATA[Best Buy Outlet]]>
              </value>
            </param>
            <param index="1">
              <value>
                <![CDATA[Best Buy Outlet: Clearance Electronics Outlet]]>
              </value>
            </param>
          </params>
          <reporter-output>
          </reporter-output>
        </test-method> <!-- tc_005validateMenu -->
        <test-method is-config="true" signature="close()[pri:0, instance:ecommercetest.TC_005ValidateMenu@52f27fbd]" started-at="2024-08-15T14:18:07 GST" name="close" finished-at="2024-08-15T14:18:09 GST" duration-ms="1365" status="PASS">
          <reporter-output>
          </reporter-output>
        </test-method> <!-- close -->
        <test-method is-config="true" signature="start(java.lang.String)[pri:0, instance:ecommercetest.TC_005ValidateMenu@52f27fbd]" started-at="2024-08-15T14:18:09 GST" name="start" finished-at="2024-08-15T14:18:11 GST" duration-ms="2636" status="PASS">
          <params>
            <param index="0">
              <value>
                <![CDATA[edge]]>
              </value>
            </param>
          </params>
          <reporter-output>
          </reporter-output>
        </test-method> <!-- start -->
        <test-method signature="tc_005validateMenu(java.lang.String,java.lang.String)[pri:2, instance:ecommercetest.TC_005ValidateMenu@52f27fbd]" started-at="2024-08-15T14:18:11 GST" name="tc_005validateMenu" data-provider="getdata" finished-at="2024-08-15T14:18:23 GST" duration-ms="11638" status="PASS">
          <params>
            <param index="0">
              <value>
                <![CDATA[Best Buy Business]]>
              </value>
            </param>
            <param index="1">
              <value>
                <![CDATA[Best Buy for Business - Best Buy]]>
              </value>
            </param>
          </params>
          <reporter-output>
          </reporter-output>
        </test-method> <!-- tc_005validateMenu -->
        <test-method is-config="true" signature="close()[pri:0, instance:ecommercetest.TC_005ValidateMenu@52f27fbd]" started-at="2024-08-15T14:18:23 GST" name="close" finished-at="2024-08-15T14:18:24 GST" duration-ms="1422" status="PASS">
          <reporter-output>
          </reporter-output>
        </test-method> <!-- close -->
      </class> <!-- ecommercetest.TC_005ValidateMenu -->
      <class name="ecommercetest.TC_003SignIn">
        <test-method is-config="true" signature="setup()[pri:0, instance:ecommercetest.TC_003SignIn@4a8355dd]" started-at="2024-08-15T14:14:08 GST" name="setup" finished-at="2024-08-15T14:14:08 GST" duration-ms="2" status="PASS">
          <reporter-output>
          </reporter-output>
        </test-method> <!-- setup -->
        <test-method is-config="true" signature="testDetails()[pri:0, instance:ecommercetest.TC_003SignIn@4a8355dd]" started-at="2024-08-15T14:19:02 GST" name="testDetails" finished-at="2024-08-15T14:19:02 GST" duration-ms="0" status="PASS">
          <reporter-output>
          </reporter-output>
        </test-method> <!-- testDetails -->
        <test-method is-config="true" signature="start(java.lang.String)[pri:0, instance:ecommercetest.TC_003SignIn@4a8355dd]" started-at="2024-08-15T14:19:02 GST" name="start" finished-at="2024-08-15T14:19:05 GST" duration-ms="3681" status="PASS">
          <params>
            <param index="0">
              <value>
                <![CDATA[edge]]>
              </value>
            </param>
          </params>
          <reporter-output>
          </reporter-output>
        </test-method> <!-- start -->
        <test-method signature="tc_003SignIn(java.lang.String,java.lang.String,java.lang.String,java.lang.String)[pri:4, instance:ecommercetest.TC_003SignIn@4a8355dd]" started-at="2024-08-15T14:19:05 GST" name="tc_003SignIn" data-provider="getdata" finished-at="2024-08-15T14:19:20 GST" duration-ms="14249" status="PASS">
          <params>
            <param index="0">
              <value>
                <![CDATA[Best_Buygmail.com]]>
              </value>
            </param>
            <param index="1">
              <value>
                <![CDATA[EcomBest_Buy24]]>
              </value>
            </param>
            <param index="2">
              <value>
                <![CDATA[//p[text()='Please enter a valid email address.']]]>
              </value>
            </param>
            <param index="3">
              <value>
                <![CDATA[Please enter a valid email address.]]>
              </value>
            </param>
          </params>
          <reporter-output>
          </reporter-output>
        </test-method> <!-- tc_003SignIn -->
        <test-method is-config="true" signature="close()[pri:0, instance:ecommercetest.TC_003SignIn@4a8355dd]" started-at="2024-08-15T14:19:20 GST" name="close" finished-at="2024-08-15T14:19:21 GST" duration-ms="1466" status="PASS">
          <reporter-output>
          </reporter-output>
        </test-method> <!-- close -->
        <test-method is-config="true" signature="start(java.lang.String)[pri:0, instance:ecommercetest.TC_003SignIn@4a8355dd]" started-at="2024-08-15T14:19:21 GST" name="start" finished-at="2024-08-15T14:19:24 GST" duration-ms="3213" status="PASS">
          <params>
            <param index="0">
              <value>
                <![CDATA[edge]]>
              </value>
            </param>
          </params>
          <reporter-output>
          </reporter-output>
        </test-method> <!-- start -->
        <test-method signature="tc_003SignIn(java.lang.String,java.lang.String,java.lang.String,java.lang.String)[pri:4, instance:ecommercetest.TC_003SignIn@4a8355dd]" started-at="2024-08-15T14:19:24 GST" name="tc_003SignIn" data-provider="getdata" finished-at="2024-08-15T14:19:38 GST" duration-ms="13572" status="PASS">
          <params>
            <param index="0">
              <value>
                <![CDATA[]]>
              </value>
            </param>
            <param index="1">
              <value>
                <![CDATA[EcomBest_Buy24]]>
              </value>
            </param>
            <param index="2">
              <value>
                <![CDATA[//p[text()='Please enter a valid email address.']]]>
              </value>
            </param>
            <param index="3">
              <value>
                <![CDATA[Please enter a valid email address.]]>
              </value>
            </param>
          </params>
          <reporter-output>
          </reporter-output>
        </test-method> <!-- tc_003SignIn -->
        <test-method is-config="true" signature="close()[pri:0, instance:ecommercetest.TC_003SignIn@4a8355dd]" started-at="2024-08-15T14:19:38 GST" name="close" finished-at="2024-08-15T14:19:40 GST" duration-ms="1502" status="PASS">
          <reporter-output>
          </reporter-output>
        </test-method> <!-- close -->
        <test-method is-config="true" signature="start(java.lang.String)[pri:0, instance:ecommercetest.TC_003SignIn@4a8355dd]" started-at="2024-08-15T14:19:40 GST" name="start" finished-at="2024-08-15T14:19:42 GST" duration-ms="2305" status="PASS">
          <params>
            <param index="0">
              <value>
                <![CDATA[edge]]>
              </value>
            </param>
          </params>
          <reporter-output>
          </reporter-output>
        </test-method> <!-- start -->
        <test-method signature="tc_003SignIn(java.lang.String,java.lang.String,java.lang.String,java.lang.String)[pri:4, instance:ecommercetest.TC_003SignIn@4a8355dd]" started-at="2024-08-15T14:19:42 GST" name="tc_003SignIn" data-provider="getdata" finished-at="2024-08-15T14:19:54 GST" duration-ms="11912" status="PASS">
          <params>
            <param index="0">
              <value>
                <![CDATA[Best_Buy@gmail.com]]>
              </value>
            </param>
            <param index="1">
              <value>
                <![CDATA[]]>
              </value>
            </param>
            <param index="2">
              <value>
                <![CDATA[//p[text()='Please enter your password.']]]>
              </value>
            </param>
            <param index="3">
              <value>
                <![CDATA[Please enter your password.]]>
              </value>
            </param>
          </params>
          <reporter-output>
          </reporter-output>
        </test-method> <!-- tc_003SignIn -->
        <test-method is-config="true" signature="close()[pri:0, instance:ecommercetest.TC_003SignIn@4a8355dd]" started-at="2024-08-15T14:19:54 GST" name="close" finished-at="2024-08-15T14:19:55 GST" duration-ms="1448" status="PASS">
          <reporter-output>
          </reporter-output>
        </test-method> <!-- close -->
        <test-method is-config="true" signature="start(java.lang.String)[pri:0, instance:ecommercetest.TC_003SignIn@4a8355dd]" started-at="2024-08-15T14:19:55 GST" name="start" finished-at="2024-08-15T14:19:58 GST" duration-ms="2742" status="PASS">
          <params>
            <param index="0">
              <value>
                <![CDATA[edge]]>
              </value>
            </param>
          </params>
          <reporter-output>
          </reporter-output>
        </test-method> <!-- start -->
        <test-method signature="tc_003SignIn(java.lang.String,java.lang.String,java.lang.String,java.lang.String)[pri:4, instance:ecommercetest.TC_003SignIn@4a8355dd]" started-at="2024-08-15T14:19:58 GST" name="tc_003SignIn" data-provider="getdata" finished-at="2024-08-15T14:20:16 GST" duration-ms="17698" status="PASS">
          <params>
            <param index="0">
              <value>
                <![CDATA[Best_Buy24@gmail.com]]>
              </value>
            </param>
            <param index="1">
              <value>
                <![CDATA[EcomBest_Buy]]>
              </value>
            </param>
            <param index="2">
              <value>
                <![CDATA[//div[text()='Sorry, something went wrong. Please try again.']]]>
              </value>
            </param>
            <param index="3">
              <value>
                <![CDATA[Sorry, something went wrong. Please try again.]]>
              </value>
            </param>
          </params>
          <reporter-output>
          </reporter-output>
        </test-method> <!-- tc_003SignIn -->
        <test-method is-config="true" signature="close()[pri:0, instance:ecommercetest.TC_003SignIn@4a8355dd]" started-at="2024-08-15T14:20:16 GST" name="close" finished-at="2024-08-15T14:20:18 GST" duration-ms="1453" status="PASS">
          <reporter-output>
          </reporter-output>
        </test-method> <!-- close -->
      </class> <!-- ecommercetest.TC_003SignIn -->
    </test> <!-- Test2 -->
  </suite> <!-- Suite2 -->
</testng-results>
