<?xml version="1.0" encoding="UTF-8"?>
<testng-results ignored="0" total="1" passed="1" failed="0" skipped="0">
  <reporter-output>
  </reporter-output>
  <suite started-at="2024-08-17T23:04:12 GST" name="Suite2" finished-at="2024-08-17T23:06:03 GST" duration-ms="110603">
    <groups>
    </groups>
    <test started-at="2024-08-17T23:04:12 GST" name="Test2" finished-at="2024-08-17T23:06:03 GST" duration-ms="110603">
      <class name="ecommercetest.TC_010CheckoutPage">
        <test-method is-config="true" signature="startReport()[pri:0, instance:ecommercetest.TC_010CheckoutPage@304bb45b]" started-at="2024-08-17T23:04:12 GST" name="startReport" finished-at="2024-08-17T23:04:12 GST" duration-ms="238" status="PASS">
          <reporter-output>
          </reporter-output>
        </test-method> <!-- startReport -->
        <test-method is-config="true" signature="setup()[pri:0, instance:ecommercetest.TC_010CheckoutPage@304bb45b]" started-at="2024-08-17T23:04:12 GST" name="setup" finished-at="2024-08-17T23:04:12 GST" duration-ms="0" status="PASS">
          <reporter-output>
          </reporter-output>
        </test-method> <!-- setup -->
        <test-method is-config="true" signature="testDetails()[pri:0, instance:ecommercetest.TC_010CheckoutPage@304bb45b]" started-at="2024-08-17T23:04:12 GST" name="testDetails" finished-at="2024-08-17T23:04:12 GST" duration-ms="10" status="PASS">
          <reporter-output>
          </reporter-output>
        </test-method> <!-- testDetails -->
        <test-method is-config="true" signature="start(java.lang.String)[pri:0, instance:ecommercetest.TC_010CheckoutPage@304bb45b]" started-at="2024-08-17T23:04:15 GST" name="start" finished-at="2024-08-17T23:04:23 GST" duration-ms="8764" status="PASS">
          <params>
            <param index="0">
              <value>
                <![CDATA[edge]]>
              </value>
            </param>
          </params>
          <reporter-output>
          </reporter-output>
        </test-method> <!-- start -->
        <test-method signature="tc_010CheckOutPageFilling(java.lang.String,java.lang.String,java.lang.String)[pri:1, instance:ecommercetest.TC_010CheckoutPage@304bb45b]" started-at="2024-08-17T23:04:23 GST" name="tc_010CheckOutPageFilling" data-provider="getdata" finished-at="2024-08-17T23:05:56 GST" duration-ms="92545" status="PASS">
          <params>
            <param index="0">
              <value>
                <![CDATA[Best_Buy24@gmail.com]]>
              </value>
            </param>
            <param index="1">
              <value>
                <![CDATA[9837426748]]>
              </value>
            </param>
            <param index="2">
              <value>
                <![CDATA[Request failed because of network connection]]>
              </value>
            </param>
          </params>
          <reporter-output>
          </reporter-output>
        </test-method> <!-- tc_010CheckOutPageFilling -->
        <test-method is-config="true" signature="close()[pri:0, instance:ecommercetest.TC_010CheckoutPage@304bb45b]" started-at="2024-08-17T23:05:56 GST" name="close" finished-at="2024-08-17T23:06:03 GST" duration-ms="6563" status="PASS">
          <reporter-output>
          </reporter-output>
        </test-method> <!-- close -->
        <test-method is-config="true" signature="endReport()[pri:0, instance:ecommercetest.TC_010CheckoutPage@304bb45b]" started-at="2024-08-17T23:06:04 GST" name="endReport" finished-at="2024-08-17T23:06:04 GST" duration-ms="3" status="PASS">
          <reporter-output>
          </reporter-output>
        </test-method> <!-- endReport -->
      </class> <!-- ecommercetest.TC_010CheckoutPage -->
    </test> <!-- Test2 -->
  </suite> <!-- Suite2 -->
</testng-results>
