<?xml version="1.0" encoding="UTF-8"?>
<!-- Generated by org.testng.reporters.JUnitXMLReporter -->
<testsuite ignored="6" hostname="Lishanth" failures="0" tests="16" name="Test2" time="416.582" errors="0" timestamp="2024-08-18T08:33:15 GST">
  <testcase classname="ecommercetest.TC_010CheckoutPage" name="tc_010CheckOutPageFilling" time="64.996"/>
  <testcase classname="ecommercetest.TC_007SearchAddItemInCart" name="tc_007SearchAddItemInCart" time="37.713"/>
  <testcase classname="ecommercetest.TC_005ValidateMenu" name="tc_005validateMenu" time="13.19"/>
  <testcase classname="ecommercetest.TC_005ValidateMenu" name="tc_005validateMenu" time="15.34"/>
  <testcase classname="ecommercetest.TC_005ValidateMenu" name="tc_005validateMenu" time="14.589"/>
  <testcase classname="ecommercetest.TC_005ValidateMenu" name="tc_005validateMenu" time="17.818"/>
  <testcase classname="ecommercetest.TC_005ValidateMenu" name="tc_005validateMenu" time="13.392"/>
  <testcase classname="ecommercetest.TC_005ValidateMenu" name="tc_005validateMenu" time="15.861"/>
  <testcase classname="ecommercetest.TC_005ValidateMenu" name="tc_005validateMenu" time="13.851"/>
  <testcase classname="ecommercetest.TC_005ValidateMenu" name="tc_005validateMenu" time="14.634"/>
  <testcase classname="ecommercetest.TC_005ValidateMenu" name="tc_005validateMenu" time="13.716"/>
  <testcase classname="ecommercetest.TC_005ValidateMenu" name="tc_005validateMenu" time="16.022"/>
  <testcase classname="ecommercetest.TC_003SignIn" name="tc_003SignIn" time="15.714"/>
  <testcase classname="ecommercetest.TC_003SignIn" name="tc_003SignIn" time="17.552"/>
  <testcase classname="ecommercetest.TC_003SignIn" name="tc_003SignIn" time="15.402"/>
  <testcase classname="ecommercetest.TC_003SignIn" name="tc_003SignIn" time="20.296"/>
  <testcase classname="ecommerceprojetbase.PSMethodecommerce" name="@AfterSuite endReport" time="0.0">
    <ignored/>
  </testcase> <!-- @AfterSuite endReport -->
  <testcase classname="ecommerceprojetbase.PSMethodecommerce" name="@BeforeSuite startReport" time="0.0">
    <ignored/>
  </testcase> <!-- @BeforeSuite startReport -->
  <testcase classname="ecommerceprojetbase.PSMethodecommerce" name="@BeforeSuite startReport" time="0.0">
    <ignored/>
  </testcase> <!-- @BeforeSuite startReport -->
  <testcase classname="ecommerceprojetbase.PSMethodecommerce" name="@AfterSuite endReport" time="0.0">
    <ignored/>
  </testcase> <!-- @AfterSuite endReport -->
  <testcase classname="ecommerceprojetbase.PSMethodecommerce" name="@AfterSuite endReport" time="0.0">
    <ignored/>
  </testcase> <!-- @AfterSuite endReport -->
  <testcase classname="ecommerceprojetbase.PSMethodecommerce" name="@BeforeSuite startReport" time="0.0">
    <ignored/>
  </testcase> <!-- @BeforeSuite startReport -->
</testsuite> <!-- Test2 -->
