<?xml version="1.0" encoding="UTF-8"?>
<!-- Generated by org.testng.reporters.JUnitXMLReporter -->
<testsuite ignored="6" hostname="Lishanth" failures="0" tests="16" name="Test2" time="747.335" errors="0" timestamp="2024-08-14T22:04:21 GST">
  <testcase classname="ecommercetest.TC_010CheckoutPage" name="tc_010CheckOutPageFilling" time="85.59"/>
  <testcase classname="ecommercetest.TC_005ValidateMenu" name="tc_005validateMenu" time="20.987"/>
  <testcase classname="ecommercetest.TC_005ValidateMenu" name="tc_005validateMenu" time="20.708"/>
  <testcase classname="ecommercetest.TC_005ValidateMenu" name="tc_005validateMenu" time="24.957"/>
  <testcase classname="ecommercetest.TC_005ValidateMenu" name="tc_005validateMenu" time="34.467"/>
  <testcase classname="ecommercetest.TC_005ValidateMenu" name="tc_005validateMenu" time="18.886"/>
  <testcase classname="ecommercetest.TC_005ValidateMenu" name="tc_005validateMenu" time="24.327"/>
  <testcase classname="ecommercetest.TC_005ValidateMenu" name="tc_005validateMenu" time="19.709"/>
  <testcase classname="ecommercetest.TC_005ValidateMenu" name="tc_005validateMenu" time="20.302"/>
  <testcase classname="ecommercetest.TC_005ValidateMenu" name="tc_005validateMenu" time="29.44"/>
  <testcase classname="ecommercetest.TC_005ValidateMenu" name="tc_005validateMenu" time="20.858"/>
  <testcase classname="ecommercetest.TC_007SearchAddItemInCart" name="tc_007SearchAddItemInCart" time="51.3"/>
  <testcase classname="ecommercetest.TC_003SignIn" name="tc_003SignIn" time="26.705"/>
  <testcase classname="ecommercetest.TC_003SignIn" name="tc_003SignIn" time="23.809"/>
  <testcase classname="ecommercetest.TC_003SignIn" name="tc_003SignIn" time="18.438"/>
  <testcase classname="ecommercetest.TC_003SignIn" name="tc_003SignIn" time="23.024"/>
  <testcase classname="ecommerceprojetbase.PSMethodecommerce" name="@BeforeSuite startReport" time="0.0">
    <ignored/>
  </testcase> <!-- @BeforeSuite startReport -->
  <testcase classname="ecommerceprojetbase.PSMethodecommerce" name="@AfterSuite endReport" time="0.0">
    <ignored/>
  </testcase> <!-- @AfterSuite endReport -->
  <testcase classname="ecommerceprojetbase.PSMethodecommerce" name="@AfterSuite endReport" time="0.0">
    <ignored/>
  </testcase> <!-- @AfterSuite endReport -->
  <testcase classname="ecommerceprojetbase.PSMethodecommerce" name="@AfterSuite endReport" time="0.0">
    <ignored/>
  </testcase> <!-- @AfterSuite endReport -->
  <testcase classname="ecommerceprojetbase.PSMethodecommerce" name="@BeforeSuite startReport" time="0.0">
    <ignored/>
  </testcase> <!-- @BeforeSuite startReport -->
  <testcase classname="ecommerceprojetbase.PSMethodecommerce" name="@BeforeSuite startReport" time="0.0">
    <ignored/>
  </testcase> <!-- @BeforeSuite startReport -->
</testsuite> <!-- Test2 -->
