<?xml version="1.0" encoding="UTF-8"?>
<!-- Generated by org.testng.reporters.JUnitXMLReporter -->
<testsuite ignored="0" hostname="Lishanth" failures="0" tests="3" name="Test3" time="111.571" errors="0" timestamp="2024-08-17T20:49:59 GST">
  <testcase classname="ecommercetest.TC_013AddtionalTask2" name="tc_013_B_AddItemByDeptMenuWithOffer" time="58.649"/>
  <testcase classname="ecommercetest.TC_013AddtionalTask2" name="tc_013_A_ForgotpasswordFunctionality" time="15.413"/>
  <testcase classname="ecommercetest.TC_013AddtionalTask2" name="tc_013_A_ForgotpasswordFunctionality" time="16.775"/>
</testsuite> <!-- Test3 -->
